10:25:38 **** Build of configuration Debug for project finiteVolumes ****
make all 
Building file: ../src/finiteVolumes.cpp
Invoking: GCC C++ Compiler
g++ -O0 -g3 -Wall -c -fmessage-length=0 -MMD -MP -MF"src/finiteVolumes.d" -MT"src/finiteVolumes.o" -o "src/finiteVolumes.o" "../src/finiteVolumes.cpp"
Finished building: ../src/finiteVolumes.cpp
 
Building target: finiteVolumes
Invoking: GCC C++ Linker
g++  -o "finiteVolumes"  ./src/finiteVolumes.o   
Finished building target: finiteVolumes
 
10:27:12 **** Incremental Build of configuration Debug for project finiteVolumes ****
make all 
Building file: ../src/finiteVolumes.cpp
Invoking: GCC C++ Compiler
g++ -O0 -g3 -Wall -c -fmessage-length=0 -MMD -MP -MF"src/finiteVolumes.d" -MT"src/finiteVolumes.o" -o "src/finiteVolumes.o" "../src/finiteVolumes.cpp"
Finished building: ../src/finiteVolumes.cpp
 
Building target: finiteVolumes
Invoking: GCC C++ Linker
g++  -o "finiteVolumes"  ./src/finiteVolumes.o   
Finished building target: finiteVolumes
 
10:39:55 **** Incremental Build of configuration Debug for project finiteVolumes ****
make all 
make: Für das Ziel „all“ ist nichts zu tun.
10:40:00 **** Incremental Build of configuration Debug for project finiteVolumes ****
make all 
make: Für das Ziel „all“ ist nichts zu tun.
10:40:04 **** Incremental Build of configuration Debug for project finiteVolumes ****
make all 
make: Für das Ziel „all“ ist nichts zu tun.
